<?xml version="1.0" encoding="UTF-8"?>
<!-- Generated by org.testng.reporters.JUnitReportReporter -->
<testsuite hostname="DESKTOP-I2NJFA0" failures="0" tests="5" name="com.cognizant.hackathon.tests.PractoTest" time="649.532" errors="0" timestamp="24 Jul 2021 08:06:59 GMT" skipped="0">
  <testcase classname="com.cognizant.hackathon.tests.PractoTest" name="hospitalFindTest" time="471.959"/>
  <testcase classname="com.cognizant.hackathon.tests.PractoTest" name="topCitiesNameTest" time="14.204"/>
  <testcase classname="com.cognizant.hackathon.tests.PractoTest" name="invalidCheckModule" time="60.857"/>
  <testcase classname="com.cognizant.hackathon.tests.PractoTest" name="invalidCheckModule" time="51.934"/>
  <testcase classname="com.cognizant.hackathon.tests.PractoTest" name="invalidCheckModule" time="50.578"/>
</testsuite> <!-- com.cognizant.hackathon.tests.PractoTest -->
